Running nhmmer on Viscum_album

------------------------------------------------------------
Sender: LSF System <lsfadmin@node-14-27>
Subject: Job 523163: </lustre/scratch123/tol/teams/blaxter/users/mb39/ARU/tr_detection/run_tr_hmms.bash> in cluster <farm22> Exited

Job </lustre/scratch123/tol/teams/blaxter/users/mb39/ARU/tr_detection/run_tr_hmms.bash> was submitted from host <farm22-head1> by user <mb39> in cluster <farm22> at Fri May  3 14:59:10 2024
Job was executed on host(s) <10*node-14-27>, in queue <small>, as user <mb39> in cluster <farm22> at Fri May  3 14:59:11 2024
</nfs/users/nfs_m/mb39> was used as the home directory.
</lustre/scratch123/tol/teams/blaxter/users/mb39/ARU/tr_detection> was used as the working directory.
Started at Fri May  3 14:59:11 2024
Terminated at Fri May  3 15:29:16 2024
Results reported at Fri May  3 15:29:16 2024

Your job looked like:

------------------------------------------------------------
# LSBATCH: User input
/lustre/scratch123/tol/teams/blaxter/users/mb39/ARU/tr_detection/run_tr_hmms.bash
------------------------------------------------------------

TERM_RUNLIMIT: job killed after reaching LSF run time limit.
Exited with exit code 140.

Resource usage summary:

    CPU time :                                   17227.00 sec.
    Max Memory :                                 795 MB
    Average Memory :                             416.18 MB
    Total Requested Memory :                     2000.00 MB
    Delta Memory :                               1205.00 MB
    Max Swap :                                   -
    Max Processes :                              6
    Max Threads :                                17
    Run time :                                   1803 sec.
    Turnaround time :                            1806 sec.

The output (if any) is above this job summary.



PS:

Read file <523163.err> for stderr output of this job.

